0 info it worked if it ends with ok
1 verbose cli [ '/usr/local/Cellar/node/5.0.0/bin/node',
1 verbose cli   '/usr/local/bin/npm',
1 verbose cli   'install',
1 verbose cli   '--save',
1 verbose cli   'react@0.13.0',
1 verbose cli   'react-dom@0.13.0' ]
2 info using npm@3.3.9
3 info using node@v5.0.0
4 silly loadCurrentTree Starting
5 silly install loadCurrentTree
6 silly install readLocalPackageData
7 silly fetchPackageMetaData react@0.13.0
8 silly fetchPackageMetaData react-dom@0.13.0
9 silly fetchNamedPackageData react
10 silly mapToRegistry name react
11 silly mapToRegistry using default registry
12 silly mapToRegistry registry https://registry.npmjs.org/
13 silly mapToRegistry uri https://registry.npmjs.org/react
14 silly fetchNamedPackageData react-dom
15 silly mapToRegistry name react-dom
16 silly mapToRegistry using default registry
17 silly mapToRegistry registry https://registry.npmjs.org/
18 silly mapToRegistry uri https://registry.npmjs.org/react-dom
19 verbose request uri https://registry.npmjs.org/react-dom
20 verbose request no auth needed
21 info attempt registry request try #1 at 8:08:44 PM
22 verbose request id 7a2bbc70c57d9091
23 verbose etag "2PGBDG1D39QGOOVA1VMK4MCSW"
24 http request GET https://registry.npmjs.org/react-dom
25 verbose request uri https://registry.npmjs.org/react
26 verbose request no auth needed
27 info attempt registry request try #1 at 8:08:44 PM
28 verbose etag "256ST35T8XZPF6M3WJ0ILVTM"
29 http request GET https://registry.npmjs.org/react
30 http 304 https://registry.npmjs.org/react
31 verbose headers { date: 'Sun, 21 Feb 2016 18:08:45 GMT',
31 verbose headers   via: '1.1 varnish',
31 verbose headers   'cache-control': 'max-age=300',
31 verbose headers   etag: '"256ST35T8XZPF6M3WJ0ILVTM"',
31 verbose headers   age: '210',
31 verbose headers   connection: 'keep-alive',
31 verbose headers   'x-served-by': 'cache-fra1230-FRA',
31 verbose headers   'x-cache': 'HIT',
31 verbose headers   'x-cache-hits': '3',
31 verbose headers   'x-timer': 'S1456078125.086387,VS0,VE0',
31 verbose headers   vary: 'Accept' }
32 silly get cb [ 304,
32 silly get   { date: 'Sun, 21 Feb 2016 18:08:45 GMT',
32 silly get     via: '1.1 varnish',
32 silly get     'cache-control': 'max-age=300',
32 silly get     etag: '"256ST35T8XZPF6M3WJ0ILVTM"',
32 silly get     age: '210',
32 silly get     connection: 'keep-alive',
32 silly get     'x-served-by': 'cache-fra1230-FRA',
32 silly get     'x-cache': 'HIT',
32 silly get     'x-cache-hits': '3',
32 silly get     'x-timer': 'S1456078125.086387,VS0,VE0',
32 silly get     vary: 'Accept' } ]
33 verbose etag https://registry.npmjs.org/react from cache
34 verbose get saving react to /Users/thuy/.npm/registry.npmjs.org/react/.cache.json
35 http 304 https://registry.npmjs.org/react-dom
36 verbose headers { date: 'Sun, 21 Feb 2016 18:08:45 GMT',
36 verbose headers   via: '1.1 varnish',
36 verbose headers   'cache-control': 'max-age=300',
36 verbose headers   etag: '"2PGBDG1D39QGOOVA1VMK4MCSW"',
36 verbose headers   age: '56',
36 verbose headers   connection: 'keep-alive',
36 verbose headers   'x-served-by': 'cache-fra1235-FRA',
36 verbose headers   'x-cache': 'HIT',
36 verbose headers   'x-cache-hits': '1',
36 verbose headers   'x-timer': 'S1456078125.088562,VS0,VE0',
36 verbose headers   vary: 'Accept' }
37 silly get cb [ 304,
37 silly get   { date: 'Sun, 21 Feb 2016 18:08:45 GMT',
37 silly get     via: '1.1 varnish',
37 silly get     'cache-control': 'max-age=300',
37 silly get     etag: '"2PGBDG1D39QGOOVA1VMK4MCSW"',
37 silly get     age: '56',
37 silly get     connection: 'keep-alive',
37 silly get     'x-served-by': 'cache-fra1235-FRA',
37 silly get     'x-cache': 'HIT',
37 silly get     'x-cache-hits': '1',
37 silly get     'x-timer': 'S1456078125.088562,VS0,VE0',
37 silly get     vary: 'Accept' } ]
38 verbose etag https://registry.npmjs.org/react-dom from cache
39 verbose get saving react-dom to /Users/thuy/.npm/registry.npmjs.org/react-dom/.cache.json
40 silly fetchPackageMetaData Error: No compatible version found: react-dom@0.13.0
40 silly fetchPackageMetaData Valid install targets:
40 silly fetchPackageMetaData 0.15.0-alpha.1, 0.14.7, 0.14.6, 0.14.5, 0.14.4, 0.14.3, 0.14.2, 0.14.1, 0.14.0, 0.14.0-rc1, 0.14.0-beta3, 0.14.0-beta2, 0.14.0-beta1, 0.1.0
40 silly fetchPackageMetaData
40 silly fetchPackageMetaData     at pickVersionFromRegistryDocument (/usr/local/lib/node_modules/npm/lib/fetch-package-metadata.js:146:16)
40 silly fetchPackageMetaData     at /usr/local/lib/node_modules/npm/node_modules/iferr/index.js:13:50
40 silly fetchPackageMetaData     at /usr/local/lib/node_modules/npm/lib/utils/pulse-till-done.js:19:8
40 silly fetchPackageMetaData     at saved (/usr/local/lib/node_modules/npm/lib/cache/caching-client.js:168:7)
40 silly fetchPackageMetaData     at /usr/local/lib/node_modules/npm/node_modules/graceful-fs/polyfills.js:210:7
40 silly fetchPackageMetaData     at FSReqWrap.oncomplete (fs.js:82:15)
40 silly fetchPackageMetaData  error for react-dom@0.13.0 [Error: No compatible version found: react-dom@0.13.0
40 silly fetchPackageMetaData Valid install targets:
40 silly fetchPackageMetaData 0.15.0-alpha.1, 0.14.7, 0.14.6, 0.14.5, 0.14.4, 0.14.3, 0.14.2, 0.14.1, 0.14.0, 0.14.0-rc1, 0.14.0-beta3, 0.14.0-beta2, 0.14.0-beta1, 0.1.0
40 silly fetchPackageMetaData ]
41 silly rollbackFailedOptional Starting
42 silly rollbackFailedOptional Finishing
43 silly runTopLevelLifecycles Starting
44 silly runTopLevelLifecycles Finishing
45 silly install printInstalled
46 verbose stack Error: No compatible version found: react-dom@0.13.0
46 verbose stack Valid install targets:
46 verbose stack 0.15.0-alpha.1, 0.14.7, 0.14.6, 0.14.5, 0.14.4, 0.14.3, 0.14.2, 0.14.1, 0.14.0, 0.14.0-rc1, 0.14.0-beta3, 0.14.0-beta2, 0.14.0-beta1, 0.1.0
46 verbose stack
46 verbose stack     at pickVersionFromRegistryDocument (/usr/local/lib/node_modules/npm/lib/fetch-package-metadata.js:146:16)
46 verbose stack     at /usr/local/lib/node_modules/npm/node_modules/iferr/index.js:13:50
46 verbose stack     at /usr/local/lib/node_modules/npm/lib/utils/pulse-till-done.js:19:8
46 verbose stack     at saved (/usr/local/lib/node_modules/npm/lib/cache/caching-client.js:168:7)
46 verbose stack     at /usr/local/lib/node_modules/npm/node_modules/graceful-fs/polyfills.js:210:7
46 verbose stack     at FSReqWrap.oncomplete (fs.js:82:15)
47 verbose cwd /Users/thuy/Documents/aalto/projects/imgur-client
48 error Darwin 14.5.0
49 error argv "/usr/local/Cellar/node/5.0.0/bin/node" "/usr/local/bin/npm" "install" "--save" "react@0.13.0" "react-dom@0.13.0"
50 error node v5.0.0
51 error npm  v3.3.9
52 error No compatible version found: react-dom@0.13.0
52 error Valid install targets:
52 error 0.15.0-alpha.1, 0.14.7, 0.14.6, 0.14.5, 0.14.4, 0.14.3, 0.14.2, 0.14.1, 0.14.0, 0.14.0-rc1, 0.14.0-beta3, 0.14.0-beta2, 0.14.0-beta1, 0.1.0
53 error If you need help, you may report this error at:
53 error     <https://github.com/npm/npm/issues>
54 verbose exit [ 1, true ]
